Determining if the pthread_create exist failed with the following output:
Change Dir: /home/robond/Robotics/gazebo_project/build/CMakeFiles/CMakeTmp

Run Build Command:"/usr/bin/make" "cmTC_cc83e/fast"
/usr/bin/make -f CMakeFiles/cmTC_cc83e.dir/build.make CMakeFiles/cmTC_cc83e.dir/build
make[1]: Entering directory '/home/robond/Robotics/gazebo_project/build/CMakeFiles/CMakeTmp'
Building C object CMakeFiles/cmTC_cc83e.dir/CheckSymbolExists.c.o
/usr/bin/cc     -o CMakeFiles/cmTC_cc83e.dir/CheckSymbolExists.c.o   -c /home/robond/Robotics/gazebo_project/build/CMakeFiles/CMakeTmp/CheckSymbolExists.c
Linking C executable cmTC_cc83e
/usr/bin/cmake -E cmake_link_script CMakeFiles/cmTC_cc83e.dir/link.txt --verbose=1
/usr/bin/cc       CMakeFiles/cmTC_cc83e.dir/CheckSymbolExists.c.o  -o cmTC_cc83e -rdynamic 
CMakeFiles/cmTC_cc83e.dir/CheckSymbolExists.c.o: In function `main':
CheckSymbolExists.c:(.text+0x16): undefined reference to `pthread_create'
collect2: error: ld returned 1 exit status
CMakeFiles/cmTC_cc83e.dir/build.make:97: recipe for target 'cmTC_cc83e' failed
make[1]: *** [cmTC_cc83e] Error 1
make[1]: Leaving directory '/home/robond/Robotics/gazebo_project/build/CMakeFiles/CMakeTmp'
Makefile:126: recipe for target 'cmTC_cc83e/fast' failed
make: *** [cmTC_cc83e/fast] Error 2

File /home/robond/Robotics/gazebo_project/build/CMakeFiles/CMakeTmp/CheckSymbolExists.c:
/* */
#include <pthread.h>

int main(int argc, char** argv)
{
  (void)argv;
#ifndef pthread_create
  return ((int*)(&pthread_create))[argc];
#else
  (void)argc;
  return 0;
#endif
}

Determining if the function pthread_create exists in the pthreads failed with the following output:
Change Dir: /home/robond/Robotics/gazebo_project/build/CMakeFiles/CMakeTmp

Run Build Command:"/usr/bin/make" "cmTC_c8fef/fast"
/usr/bin/make -f CMakeFiles/cmTC_c8fef.dir/build.make CMakeFiles/cmTC_c8fef.dir/build
make[1]: Entering directory '/home/robond/Robotics/gazebo_project/build/CMakeFiles/CMakeTmp'
Building C object CMakeFiles/cmTC_c8fef.dir/CheckFunctionExists.c.o
/usr/bin/cc    -DCHECK_FUNCTION_EXISTS=pthread_create   -o CMakeFiles/cmTC_c8fef.dir/CheckFunctionExists.c.o   -c /usr/share/cmake-3.5/Modules/CheckFunctionExists.c
Linking C executable cmTC_c8fef
/usr/bin/cmake -E cmake_link_script CMakeFiles/cmTC_c8fef.dir/link.txt --verbose=1
/usr/bin/cc   -DCHECK_FUNCTION_EXISTS=pthread_create    CMakeFiles/cmTC_c8fef.dir/CheckFunctionExists.c.o  -o cmTC_c8fef -rdynamic -lpthreads 
/usr/bin/ld: cannot find -lpthreads
collect2: error: ld returned 1 exit status
CMakeFiles/cmTC_c8fef.dir/build.make:97: recipe for target 'cmTC_c8fef' failed
make[1]: *** [cmTC_c8fef] Error 1
make[1]: Leaving directory '/home/robond/Robotics/gazebo_project/build/CMakeFiles/CMakeTmp'
Makefile:126: recipe for target 'cmTC_c8fef/fast' failed
make: *** [cmTC_c8fef/fast] Error 2


