Determining if the pthread_create exist failed with the following output:
Change Dir: /home/robond/Robotics/ekf_lab/build/CMakeFiles/CMakeTmp

Run Build Command:"/usr/bin/make" "cmTC_8acc5/fast"
/usr/bin/make -f CMakeFiles/cmTC_8acc5.dir/build.make CMakeFiles/cmTC_8acc5.dir/build
make[1]: Entering directory '/home/robond/Robotics/ekf_lab/build/CMakeFiles/CMakeTmp'
Building C object CMakeFiles/cmTC_8acc5.dir/CheckSymbolExists.c.o
/usr/bin/cc     -o CMakeFiles/cmTC_8acc5.dir/CheckSymbolExists.c.o   -c /home/robond/Robotics/ekf_lab/build/CMakeFiles/CMakeTmp/CheckSymbolExists.c
Linking C executable cmTC_8acc5
/usr/bin/cmake -E cmake_link_script CMakeFiles/cmTC_8acc5.dir/link.txt --verbose=1
/usr/bin/cc       CMakeFiles/cmTC_8acc5.dir/CheckSymbolExists.c.o  -o cmTC_8acc5 -rdynamic 
CMakeFiles/cmTC_8acc5.dir/CheckSymbolExists.c.o: In function `main':
CheckSymbolExists.c:(.text+0x16): undefined reference to `pthread_create'
collect2: error: ld returned 1 exit status
CMakeFiles/cmTC_8acc5.dir/build.make:97: recipe for target 'cmTC_8acc5' failed
make[1]: *** [cmTC_8acc5] Error 1
make[1]: Leaving directory '/home/robond/Robotics/ekf_lab/build/CMakeFiles/CMakeTmp'
Makefile:126: recipe for target 'cmTC_8acc5/fast' failed
make: *** [cmTC_8acc5/fast] Error 2

File /home/robond/Robotics/ekf_lab/build/CMakeFiles/CMakeTmp/CheckSymbolExists.c:
/* */
#include <pthread.h>

int main(int argc, char** argv)
{
  (void)argv;
#ifndef pthread_create
  return ((int*)(&pthread_create))[argc];
#else
  (void)argc;
  return 0;
#endif
}

Determining if the function pthread_create exists in the pthreads failed with the following output:
Change Dir: /home/robond/Robotics/ekf_lab/build/CMakeFiles/CMakeTmp

Run Build Command:"/usr/bin/make" "cmTC_acfcf/fast"
/usr/bin/make -f CMakeFiles/cmTC_acfcf.dir/build.make CMakeFiles/cmTC_acfcf.dir/build
make[1]: Entering directory '/home/robond/Robotics/ekf_lab/build/CMakeFiles/CMakeTmp'
Building C object CMakeFiles/cmTC_acfcf.dir/CheckFunctionExists.c.o
/usr/bin/cc    -DCHECK_FUNCTION_EXISTS=pthread_create   -o CMakeFiles/cmTC_acfcf.dir/CheckFunctionExists.c.o   -c /usr/share/cmake-3.5/Modules/CheckFunctionExists.c
Linking C executable cmTC_acfcf
/usr/bin/cmake -E cmake_link_script CMakeFiles/cmTC_acfcf.dir/link.txt --verbose=1
/usr/bin/cc   -DCHECK_FUNCTION_EXISTS=pthread_create    CMakeFiles/cmTC_acfcf.dir/CheckFunctionExists.c.o  -o cmTC_acfcf -rdynamic -lpthreads 
/usr/bin/ld: cannot find -lpthreads
collect2: error: ld returned 1 exit status
CMakeFiles/cmTC_acfcf.dir/build.make:97: recipe for target 'cmTC_acfcf' failed
make[1]: *** [cmTC_acfcf] Error 1
make[1]: Leaving directory '/home/robond/Robotics/ekf_lab/build/CMakeFiles/CMakeTmp'
Makefile:126: recipe for target 'cmTC_acfcf/fast' failed
make: *** [cmTC_acfcf/fast] Error 2


